<?xml version="1.0" encoding="UTF-8"?>
<!-- Generated by org.testng.reporters.JUnitReportReporter -->
<testsuite skipped="0" hostname="DESKTOP-77FO7BT" name="FlipkartTask.redmi4GBTest" tests="1" failures="0" timestamp="2022-09-20T11:52:52 IST" time="28.930" errors="0">
  <testcase name="redmiTest" time="28.930" classname="FlipkartTask.redmi4GBTest"/>
  <system-out/>
</testsuite> <!-- FlipkartTask.redmi4GBTest -->
